<?xml version="1.0" encoding="UTF-8"?>
<!-- Generated by org.testng.reporters.JUnitReportReporter -->
<testsuite hostname="DESKTOP-MGUTKMH" failures="0" tests="2" name="pac1.ConatctTest" time="0.005" errors="0" timestamp="30 Aug 2024 11:48:21 GMT" skipped="0">
  <testcase classname="pac1.ConatctTest" name="createConatctTest" time="0.004"/>
  <testcase classname="pac1.ConatctTest" name="modifyConatctTest" time="0.001"/>
</testsuite> <!-- pac1.ConatctTest -->
