<?xml version="1.0" encoding="UTF-8"?>
<!-- Generated by org.testng.reporters.JUnitReportReporter -->
<testsuite hostname="DESKTOP-MGUTKMH" failures="0" tests="2" name="pac2.OrgTest" time="0.008" errors="0" timestamp="03 Sep 2024 05:19:02 GMT" skipped="0">
  <testcase classname="pac2.OrgTest" name="createOrgTest" time="0.008"/>
  <testcase classname="pac2.OrgTest" name="modifyOrgTest" time="0.000"/>
</testsuite> <!-- pac2.OrgTest -->
